<?xml version="1.0" encoding="UTF-8"?>
<testsuite xmlns:xsi="http://www.w3.org/2001/XMLSchema-instance" xsi:noNamespaceSchemaLocation="https://maven.apache.org/surefire/maven-surefire-plugin/xsd/surefire-test-report.xsd" name="com.example.junitsetup.AppTest" time="0.738" tests="1" errors="0" skipped="0" failures="0">
  <properties>
    <property name="java.specification.version" value="23"/>
    <property name="sun.cpu.isalist" value="amd64"/>
    <property name="sun.jnu.encoding" value="Cp1252"/>
    <property name="java.class.path" value="C:\Users\Bhavadharani V\OneDrive\文档\Company-Specific\Cognizant\Digital Nurture - 4.0 - DeepSkilling\JUNIT\Exercise3\target\test-classes;C:\Users\Bhavadharani V\OneDrive\文档\Company-Specific\Cognizant\Digital Nurture - 4.0 - DeepSkilling\JUNIT\Exercise3\target\classes;C:\Users\Bhavadharani V\.m2\repository\junit\junit\4.13.2\junit-4.13.2.jar;C:\Users\Bhavadharani V\.m2\repository\org\hamcrest\hamcrest-core\1.3\hamcrest-core-1.3.jar;"/>
    <property name="java.vm.vendor" value="Oracle Corporation"/>
    <property name="sun.arch.data.model" value="64"/>
    <property name="user.variant" value=""/>
    <property name="java.vendor.url" value="https://java.oracle.com/"/>
    <property name="user.timezone" value="Asia/Calcutta"/>
    <property name="os.name" value="Windows 11"/>
    <property name="java.vm.specification.version" value="23"/>
    <property name="sun.java.launcher" value="SUN_STANDARD"/>
    <property name="user.country" value="IN"/>
    <property name="sun.boot.library.path" value="C:\Program Files\Java\jdk-23\bin"/>
    <property name="sun.java.command" value="C:\Users\BHAVAD~1\AppData\Local\Temp\surefire9860143794679760489\surefirebooter143774020785233138.jar C:\Users\Bhavadharani V\AppData\Local\Temp\surefire9860143794679760489 2025-06-26T21-03-09_322-jvmRun1 surefire15954742742430058527tmp surefire_017932293940820964402tmp"/>
    <property name="jdk.debug" value="release"/>
    <property name="surefire.test.class.path" value="C:\Users\Bhavadharani V\OneDrive\文档\Company-Specific\Cognizant\Digital Nurture - 4.0 - DeepSkilling\JUNIT\Exercise3\target\test-classes;C:\Users\Bhavadharani V\OneDrive\文档\Company-Specific\Cognizant\Digital Nurture - 4.0 - DeepSkilling\JUNIT\Exercise3\target\classes;C:\Users\Bhavadharani V\.m2\repository\junit\junit\4.13.2\junit-4.13.2.jar;C:\Users\Bhavadharani V\.m2\repository\org\hamcrest\hamcrest-core\1.3\hamcrest-core-1.3.jar;"/>
    <property name="sun.cpu.endian" value="little"/>
    <property name="user.home" value="C:\Users\Bhavadharani V"/>
    <property name="user.language" value="en"/>
    <property name="java.specification.vendor" value="Oracle Corporation"/>
    <property name="java.version.date" value="2025-01-21"/>
    <property name="java.home" value="C:\Program Files\Java\jdk-23"/>
    <property name="file.separator" value="\"/>
    <property name="basedir" value="C:\Users\Bhavadharani V\OneDrive\文档\Company-Specific\Cognizant\Digital Nurture - 4.0 - DeepSkilling\JUNIT\Exercise3"/>
    <property name="java.vm.compressedOopsMode" value="32-bit"/>
    <property name="line.separator" value="&#10;"/>
    <property name="java.vm.specification.vendor" value="Oracle Corporation"/>
    <property name="java.specification.name" value="Java Platform API Specification"/>
    <property name="surefire.real.class.path" value="C:\Users\BHAVAD~1\AppData\Local\Temp\surefire9860143794679760489\surefirebooter143774020785233138.jar"/>
    <property name="user.script" value=""/>
    <property name="sun.management.compiler" value="HotSpot 64-Bit Tiered Compilers"/>
    <property name="java.runtime.version" value="23.0.2+7-58"/>
    <property name="user.name" value="Bhavadharani V"/>
    <property name="stdout.encoding" value="Cp1252"/>
    <property name="path.separator" value=";"/>
    <property name="os.version" value="10.0"/>
    <property name="java.runtime.name" value="Java(TM) SE Runtime Environment"/>
    <property name="file.encoding" value="UTF-8"/>
    <property name="java.vm.name" value="Java HotSpot(TM) 64-Bit Server VM"/>
    <property name="localRepository" value="C:\Users\Bhavadharani V\.m2\repository"/>
    <property name="java.vendor.url.bug" value="https://bugreport.java.com/bugreport/"/>
    <property name="java.io.tmpdir" value="C:\Users\BHAVAD~1\AppData\Local\Temp\"/>
    <property name="java.version" value="23.0.2"/>
    <property name="user.dir" value="C:\Users\Bhavadharani V\OneDrive\文档\Company-Specific\Cognizant\Digital Nurture - 4.0 - DeepSkilling\JUNIT\Exercise3"/>
    <property name="os.arch" value="amd64"/>
    <property name="java.vm.specification.name" value="Java Virtual Machine Specification"/>
    <property name="sun.os.patch.level" value=""/>
    <property name="native.encoding" value="Cp1252"/>
    <property name="java.library.path" value="C:\Program Files\Java\jdk-23\bin;C:\WINDOWS\Sun\Java\bin;C:\WINDOWS\system32;C:\WINDOWS;C:\app\dbhomeXE\bin;C:\Program Files\Common Files\Oracle\Java\javapath;C:\WINDOWS\system32;C:\WINDOWS;C:\WINDOWS\System32\Wbem;C:\WINDOWS\System32\WindowsPowerShell\v1.0\;C:\WINDOWS\System32\OpenSSH\;C:\ProgramData\chocolatey\bin;C:\Program Files\Java\jdk-23\bin;C:\Program Files\Git\cmd;C:\Users\Bhavadharani V\AppData\Roaming\npm;C:\Program Files\nodejs;C:\Program Files\Java\jdk-24\bin;C:\Program Files\Java\jdk-23;C:\Program Files\Java\jdk-23\bin;C:\Program Files\apache-maven-3.9.10\bin;C:\Program Files\apache-maven-3.9.10\bin;C:\Python313\Scripts\;C:\Python313\;C:\Program Files\MySQL\MySQL Shell 8.0\bin\;C:\Users\Bhavadharani V\AppData\Local\Programs\Python\Python313\Scripts\;C:\Users\Bhavadharani V\AppData\Local\Programs\Python\Python313\;C:\Users\Bhavadharani V\AppData\Local\Programs\Python\Launcher\;C:\Users\Bhavadharani V\AppData\Local\Microsoft\WindowsApps;C:\Users\Bhavadharani V\AppData\Local\Programs\Microsoft VS Code\bin;C:\Program Files\nodejs\node_modules\npm;."/>
    <property name="java.vm.info" value="mixed mode, sharing"/>
    <property name="stderr.encoding" value="Cp1252"/>
    <property name="java.vendor" value="Oracle Corporation"/>
    <property name="java.vm.version" value="23.0.2+7-58"/>
    <property name="sun.io.unicode.encoding" value="UnicodeLittle"/>
    <property name="java.class.version" value="67.0"/>
  </properties>
  <testcase name="shouldAnswerWithTrue" classname="com.example.junitsetup.AppTest" time="0.029"/>
</testsuite>